<?xml version="1.0" encoding="UTF-8"?>
<testng-results ignored="0" total="1" passed="1" failed="0" skipped="0">
  <reporter-output>
    <line>
      <![CDATA[<div "result">I am on Vitrakvi Home page (PASSED : 1s)</div>]]>
    </line>
    <line>
      <![CDATA[<div "result">I click on every lnk on the main menu (PASSED : 0s)</div>]]>
    </line>
    <line>
      <![CDATA[<div "result">I should be directed to the correct page (PASSED : 0s)</div>]]>
    </line>
  </reporter-output>
  <suite started-at="2018-07-19T19:34:23Z" name="Default suite" finished-at="2018-07-19T19:34:26Z" duration-ms="3894">
    <groups>
      <group name="cucumber">
        <method signature="AbstractTestNGCucumberTests.runScenario(cucumber.api.testng.PickleEventWrapper, cucumber.api.testng.CucumberFeatureWrapper)[pri:0, instance:RunnerPack.TestRunner@4a668b6e]" name="runScenario" class="cucumber.api.testng.AbstractTestNGCucumberTests"/>
      </group> <!-- cucumber -->
    </groups>
    <test started-at="2018-07-19T19:34:23Z" name="Default test" finished-at="2018-07-19T19:34:26Z" duration-ms="3894">
      <class name="RunnerPack.TestRunner">
        <test-method is-config="true" signature="setUpClass()[pri:0, instance:RunnerPack.TestRunner@4a668b6e]" started-at="2018-07-19T19:34:23Z" name="setUpClass" finished-at="2018-07-19T19:34:23Z" duration-ms="155" status="PASS">
          <reporter-output>
          </reporter-output>
        </test-method> <!-- setUpClass -->
        <test-method signature="runScenario(cucumber.api.testng.PickleEventWrapper, cucumber.api.testng.CucumberFeatureWrapper)[pri:0, instance:RunnerPack.TestRunner@4a668b6e]" started-at="2018-07-19T19:34:23Z" name="runScenario" description="Runs Cucumber Scenarios" data-provider="scenarios" finished-at="2018-07-19T19:34:26Z" duration-ms="3686" status="PASS">
          <params>
            <param index="0">
              <value>
                <![CDATA["Navigate through the menu"]]>
              </value>
            </param>
            <param index="1">
              <value>
                <![CDATA["Navigating through the menu"]]>
              </value>
            </param>
          </params>
          <reporter-output>
            <line>
              <![CDATA[<div "result">I am on Vitrakvi Home page (PASSED : 1s)</div>]]>
            </line>
            <line>
              <![CDATA[<div "result">I click on every lnk on the main menu (PASSED : 0s)</div>]]>
            </line>
            <line>
              <![CDATA[<div "result">I should be directed to the correct page (PASSED : 0s)</div>]]>
            </line>
          </reporter-output>
        </test-method> <!-- runScenario -->
        <test-method is-config="true" signature="tearDownClass()[pri:0, instance:RunnerPack.TestRunner@4a668b6e]" started-at="2018-07-19T19:34:26Z" name="tearDownClass" finished-at="2018-07-19T19:34:26Z" duration-ms="6" status="PASS">
          <reporter-output>
          </reporter-output>
        </test-method> <!-- tearDownClass -->
      </class> <!-- RunnerPack.TestRunner -->
    </test> <!-- Default test -->
  </suite> <!-- Default suite -->
</testng-results>
